<?xml version="1.0" encoding="UTF-8"?>
<!-- Generated by org.testng.reporters.JUnitReportReporter -->
<testsuite hostname="Hitha" failures="0" tests="1" name="__TEstNg.Test0" time="0.002" errors="0" timestamp="2024-02-08T14:48:43 IST" skipped="0">
  <testcase classname="__TEstNg.Test0" name="tsp" time="0.002">
    <system-out>
      <![CDATA[jacl
loging in]]>
    </system-out>
  </testcase> <!-- tsp -->
  <system-out>
    <![CDATA[Facebook â€“ log in or sign up
texting
calling
calling
calling
jacl
loging in]]>
  </system-out>
</testsuite> <!-- __TEstNg.Test0 -->
