<?xml version="1.0" encoding="UTF-8"?>
<!-- Generated by org.testng.reporters.JUnitReportReporter -->
<testsuite hostname="Hitha" failures="0" tests="5" name="__TEstNg.Test1" time="0.006" errors="0" timestamp="2024-02-08T14:48:43 IST" skipped="1">
  <testcase classname="__TEstNg.Test1" name="chats" time="0.002">
    <system-out>
      <![CDATA[texting]]>
    </system-out>
  </testcase> <!-- chats -->
  <testcase classname="__TEstNg.Test1" name="calls" time="0.001">
    <system-out>
      <![CDATA[calling]]>
    </system-out>
  </testcase> <!-- calls -->
  <testcase classname="__TEstNg.Test1" name="calls" time="0.001">
    <system-out>
      <![CDATA[calling]]>
    </system-out>
  </testcase> <!-- calls -->
  <testcase classname="__TEstNg.Test1" name="calls" time="0.002">
    <system-out>
      <![CDATA[calling]]>
    </system-out>
  </testcase> <!-- calls -->
  <testcase classname="__TEstNg.Test1" name="settings">
    <skipped/>
  </testcase> <!-- settings -->
  <system-out>
    <![CDATA[Facebook â€“ log in or sign up
texting
calling
calling
calling
jacl
loging in]]>
  </system-out>
</testsuite> <!-- __TEstNg.Test1 -->
