<?xml version="1.0" encoding="UTF-8"?>
<!-- Generated by org.testng.reporters.JUnitReportReporter -->
<testsuite hostname="Hitha" failures="0" tests="2" name="__TEstNg.Testcase1" time="62.213" errors="0" timestamp="2024-02-08T14:48:43 IST" skipped="0">
  <testcase classname="__TEstNg.Testcase1" name="tc1" time="38.387">
    <system-out>
      <![CDATA[Facebook – log in or sign up]]>
    </system-out>
  </testcase> <!-- tc1 -->
  <testcase classname="__TEstNg.Testcase1" name="tc2" time="23.826"/>
  <system-out>
    <![CDATA[Facebook – log in or sign up
texting
calling
calling
calling
jacl
loging in]]>
  </system-out>
</testsuite> <!-- __TEstNg.Testcase1 -->
