<?xml version="1.0" encoding="UTF-8"?>
<!-- Generated by org.testng.reporters.JUnitReportReporter -->
<testsuite hostname="Hitha" failures="0" tests="3" name="__TEstNg.Test2" time="0.015" errors="0" timestamp="2024-01-11T08:20:45 IST" skipped="0">
  <testcase classname="__TEstNg.Test2" name="chats" time="0.012">
    <system-out>
      <![CDATA[texting]]>
    </system-out>
  </testcase> <!-- chats -->
  <testcase classname="__TEstNg.Test2" name="settings" time="0.002">
    <system-out>
      <![CDATA[set caler tone]]>
    </system-out>
  </testcase> <!-- settings -->
  <testcase classname="__TEstNg.Test2" name="calls" time="0.001">
    <system-out>
      <![CDATA[calling]]>
    </system-out>
  </testcase> <!-- calls -->
  <system-out>
    <![CDATA[texting
set caler tone
calling]]>
  </system-out>
</testsuite> <!-- __TEstNg.Test2 -->
