<?xml version="1.0" encoding="UTF-8"?>
<!-- Generated by org.testng.reporters.JUnitReportReporter -->
<testsuite hostname="Hitha" failures="0" tests="1" name="_Scripts.Testcase1" time="134.485" errors="0" timestamp="2024-02-16T07:21:57 IST" skipped="0">
  <testcase classname="_Scripts.Testcase1" name="tc1" time="134.485"/>
</testsuite> <!-- _Scripts.Testcase1 -->
