<?xml version="1.0" encoding="UTF-8"?>
<!-- Generated by org.testng.reporters.JUnitReportReporter -->
<testsuite hostname="Hitha" failures="0" tests="1" name="basic.Ts045" time="0.012" errors="0" timestamp="2024-01-10T18:49:06 IST" skipped="0">
  <testcase classname="basic.Ts045" name="demo" time="0.012">
    <system-out>
      <![CDATA[settyrr]]>
    </system-out>
  </testcase> <!-- demo -->
  <system-out>
    <![CDATA[settyrr]]>
  </system-out>
</testsuite> <!-- basic.Ts045 -->
